<?xml version="1.0" encoding="UTF-8"?>
<!-- Generated by org.testng.reporters.JUnitReportReporter -->
<testsuite hostname="Anees-MacBook-Pro.local" failures="0" tests="1" name="com.runnerf.MyRunnerf" time="0.212" errors="1" timestamp="10 Feb 2022 23:01:04 GMT" skipped="0">
  <testcase classname="com.runnerf.MyRunnerf" name="runScenario" time="0.212">
    <error type="java.lang.NullPointerException">
      <![CDATA[java.lang.NullPointerException
at com_stepdefinitionf.LoginFunctionf.user_can_able_to_enter_url(LoginFunctionf.java:25)
at ✽.User can able to enter "https://www.facebook.com/" url(file:///Users/andalibaryan/eclipse-workspace/Face_Book/Feature/login.feature:6)
]]>
    </error>
  </testcase> <!-- runScenario -->
</testsuite> <!-- com.runnerf.MyRunnerf -->
