<?xml version="1.0" encoding="UTF-8"?>
<testng-results ignored="0" total="1" passed="0" failed="1" skipped="0">
  <reporter-output>
  </reporter-output>
  <suite started-at="2022-02-10T23:01:03Z" name="Suite" finished-at="2022-02-10T23:01:03Z" duration-ms="667">
    <groups>
      <group name="cucumber">
        <method signature="AbstractTestNGCucumberTests.runScenario(io.cucumber.testng.PickleWrapper, io.cucumber.testng.FeatureWrapper)[pri:0, instance:com.runnerf.MyRunnerf@1f760b47]" name="runScenario" class="io.cucumber.testng.AbstractTestNGCucumberTests"/>
      </group> <!-- cucumber -->
    </groups>
    <test started-at="2022-02-10T23:01:03Z" name="Facebook Login Test" finished-at="2022-02-10T23:01:03Z" duration-ms="667">
      <class name="com.runnerf.MyRunnerf">
        <test-method is-config="true" signature="setUpClass()[pri:0, instance:com.runnerf.MyRunnerf@1f760b47]" started-at="2022-02-10T23:01:03Z" name="setUpClass" finished-at="2022-02-10T23:01:03Z" duration-ms="356" status="PASS">
          <reporter-output>
          </reporter-output>
        </test-method> <!-- setUpClass -->
        <test-method signature="runScenario(io.cucumber.testng.PickleWrapper, io.cucumber.testng.FeatureWrapper)[pri:0, instance:com.runnerf.MyRunnerf@1f760b47]" started-at="2022-02-10T23:01:03Z" name="runScenario" description="Runs Cucumber Scenarios" data-provider="scenarios" finished-at="2022-02-10T23:01:03Z" duration-ms="212" status="FAIL">
          <params>
            <param index="0">
              <value>
                <![CDATA["User login with verify email address and password and verify page title"]]>
              </value>
            </param>
            <param index="1">
              <value>
                <![CDATA["Optional[User can able to login with valid email address and password]"]]>
              </value>
            </param>
          </params>
          <exception class="java.lang.NullPointerException">
            <full-stacktrace>
              <![CDATA[java.lang.NullPointerException
at com_stepdefinitionf.LoginFunctionf.user_can_able_to_enter_url(LoginFunctionf.java:25)
at ✽.User can able to enter "https://www.facebook.com/" url(file:///Users/andalibaryan/eclipse-workspace/Face_Book/Feature/login.feature:6)
]]>
            </full-stacktrace>
          </exception> <!-- java.lang.NullPointerException -->
          <reporter-output>
          </reporter-output>
        </test-method> <!-- runScenario -->
        <test-method is-config="true" signature="tearDownClass()[pri:0, instance:com.runnerf.MyRunnerf@1f760b47]" started-at="2022-02-10T23:01:03Z" name="tearDownClass" finished-at="2022-02-10T23:01:03Z" duration-ms="73" status="PASS">
          <reporter-output>
          </reporter-output>
        </test-method> <!-- tearDownClass -->
      </class> <!-- com.runnerf.MyRunnerf -->
    </test> <!-- Facebook Login Test -->
  </suite> <!-- Suite -->
</testng-results>
