<?xml version="1.0" encoding="UTF-8"?>
<!-- Generated by org.testng.reporters.JUnitXMLReporter -->
<testsuite ignored="0" hostname="Anees-MacBook-Pro.local" failures="1" tests="1" name="Facebook Login Test" time="0.667" errors="0" timestamp="10 Feb 2022 23:01:03 GMT">
  <testcase classname="io.cucumber.testng.AbstractTestNGCucumberTests" name="runScenario" time="0.212">
    <failure type="java.lang.NullPointerException">
      <![CDATA[java.lang.NullPointerException
at com_stepdefinitionf.LoginFunctionf.user_can_able_to_enter_url(LoginFunctionf.java:25)
at ✽.User can able to enter "https://www.facebook.com/" url(file:///Users/andalibaryan/eclipse-workspace/Face_Book/Feature/login.feature:6)
]]>
    </failure>
  </testcase> <!-- runScenario -->
</testsuite> <!-- Facebook Login Test -->
